#
# A fatal error has been detected by the Java Runtime Environment:
#
#  Internal Error (macroAssembler_x86.cpp:831), pid=21128, tid=18000
#  fatal error: DEBUG MESSAGE: lookupswitch bytecode should have been rewritten
#
# JRE version: OpenJDK Runtime Environment (22.0.1+8) (build 22.0.1+8-16)
# Java VM: OpenJDK 64-Bit Server VM (22.0.1+8-16, mixed mode, sharing, tiered, compressed oops, compressed class ptrs, g1 gc, windows-amd64)
# No core dump will be written. Minidumps are not enabled by default on client versions of Windows
#
# If you would like to submit a bug report, please visit:
#   https://bugreport.java.com/bugreport/crash.jsp
#

---------------  S U M M A R Y ------------

Command Line: -javaagent:C:\Program Files\JetBrains\IntelliJ IDEA Community Edition 2024.1.1\lib\idea_rt.jar=57741:C:\Program Files\JetBrains\IntelliJ IDEA Community Edition 2024.1.1\bin -Dfile.encoding=UTF-8 -Dsun.stdout.encoding=UTF-8 -Dsun.stderr.encoding=UTF-8 com.FilmFeel.FilmFeelApplication

Host: 12th Gen Intel(R) Core(TM) i7-1255U, 12 cores, 15G,  Windows 11 , 64 bit Build 22621 (10.0.22621.3672)
Time: Thu Jul 11 13:43:26 2024 Hora de verano romance elapsed time: 24.041995 seconds (0d 0h 0m 24s)

---------------  T H R E A D  ---------------

Current thread (0x00000209def39e80):  JavaThread "http-nio-8080-exec-1" daemon [_thread_in_Java, id=18000, stack(0x000000a31f100000,0x000000a31f200000) (1024K)]

Stack: [0x000000a31f100000,0x000000a31f200000]
Native frames: (J=compiled Java code, j=interpreted, Vv=VM code, C=native code)
V  [jvm.dll+0x6e2279]  (no source info available)
V  [jvm.dll+0x874e33]  (no source info available)
V  [jvm.dll+0x87725e]  (no source info available)
V  [jvm.dll+0x27fb61]  (no source info available)
V  [jvm.dll+0x63954e]  (no source info available)
C  0x0000020987545ca1  (no source info available)

The last pc belongs to lookupswitch (printed below).
lookupswitch  171 lookupswitch  [0x0000020987545c80, 0x0000020987545ca8]  40 bytes
[MachCode]
  0x0000020987545c80: 8b04 2448 | 83c4 0848 | b930 93b1 | c7fd 7f00 | 0048 83e4 | f048 b8c0 | 946e c7fd | 7f00 00ff 
  0x0000020987545ca0: d0f4 660f | 1f44 0000 
[/MachCode]

---------------  P R O C E S S  ---------------

Threads class SMR info:
_java_thread_list=0x00000209e1cc86a0, length=31, elements={
0x00000209965c7d70, 0x00000209965c8b90, 0x00000209965cb970, 0x00000209965cf780,
0x00000209965d0590, 0x00000209965d0ff0, 0x00000209965d1eb0, 0x00000209965d3840,
0x00000209967ea740, 0x00000209dc02e6a0, 0x0000020996ab7bd0, 0x00000209ddd44460,
0x00000209ddd44af0, 0x00000209ddd43740, 0x00000209ddd41670, 0x00000209ddd42390,
0x00000209def397f0, 0x00000209def38ad0, 0x00000209def39e80, 0x00000209def3a510,
0x00000209def37090, 0x00000209def37720, 0x00000209def37db0, 0x00000209def38440,
0x00000209def39160, 0x00000209df27af20, 0x00000209df276060, 0x00000209df279b70,
0x00000209df2794e0, 0x00000209df27a890, 0x00000209df27cff0
}

Java Threads: ( => current thread )
  0x00000209965c7d70 JavaThread "Reference Handler"          daemon [_thread_blocked, id=5248, stack(0x000000a31cf00000,0x000000a31d000000) (1024K)]
  0x00000209965c8b90 JavaThread "Finalizer"                  daemon [_thread_blocked, id=23608, stack(0x000000a31d000000,0x000000a31d100000) (1024K)]
  0x00000209965cb970 JavaThread "Signal Dispatcher"          daemon [_thread_blocked, id=17668, stack(0x000000a31d100000,0x000000a31d200000) (1024K)]
  0x00000209965cf780 JavaThread "Attach Listener"            daemon [_thread_blocked, id=28068, stack(0x000000a31d200000,0x000000a31d300000) (1024K)]
  0x00000209965d0590 JavaThread "Service Thread"             daemon [_thread_blocked, id=18708, stack(0x000000a31d300000,0x000000a31d400000) (1024K)]
  0x00000209965d0ff0 JavaThread "Monitor Deflation Thread"   daemon [_thread_blocked, id=32348, stack(0x000000a31d400000,0x000000a31d500000) (1024K)]
  0x00000209965d1eb0 JavaThread "C2 CompilerThread0"         daemon [_thread_blocked, id=15280, stack(0x000000a31d500000,0x000000a31d600000) (1024K)]
  0x00000209965d3840 JavaThread "C1 CompilerThread0"         daemon [_thread_blocked, id=25208, stack(0x000000a31d600000,0x000000a31d700000) (1024K)]
  0x00000209967ea740 JavaThread "Common-Cleaner"             daemon [_thread_blocked, id=32528, stack(0x000000a31d700000,0x000000a31d800000) (1024K)]
  0x00000209dc02e6a0 JavaThread "Monitor Ctrl-Break"         daemon [_thread_in_native, id=25844, stack(0x000000a31d900000,0x000000a31da00000) (1024K)]
  0x0000020996ab7bd0 JavaThread "Notification Thread"        daemon [_thread_blocked, id=29700, stack(0x000000a31da00000,0x000000a31db00000) (1024K)]
  0x00000209ddd44460 JavaThread "Catalina-utility-1"                [_thread_blocked, id=32532, stack(0x000000a31e900000,0x000000a31ea00000) (1024K)]
  0x00000209ddd44af0 JavaThread "Catalina-utility-2"                [_thread_blocked, id=29488, stack(0x000000a31ea00000,0x000000a31eb00000) (1024K)]
  0x00000209ddd43740 JavaThread "container-0"                       [_thread_blocked, id=27908, stack(0x000000a31eb00000,0x000000a31ec00000) (1024K)]
  0x00000209ddd41670 JavaThread "mysql-cj-abandoned-connection-cleanup" daemon [_thread_blocked, id=31236, stack(0x000000a31ec00000,0x000000a31ed00000) (1024K)]
  0x00000209ddd42390 JavaThread "HikariPool-1 housekeeper"   daemon [_thread_blocked, id=16864, stack(0x000000a31ee00000,0x000000a31ef00000) (1024K)]
  0x00000209def397f0 JavaThread "File Watcher"               daemon [_thread_blocked, id=17456, stack(0x000000a31f000000,0x000000a31f100000) (1024K)]
  0x00000209def38ad0 JavaThread "Live Reload Server"         daemon [_thread_in_native, id=8824, stack(0x000000a31f200000,0x000000a31f300000) (1024K)]
=>0x00000209def39e80 JavaThread "http-nio-8080-exec-1"       daemon [_thread_in_Java, id=18000, stack(0x000000a31f100000,0x000000a31f200000) (1024K)]
  0x00000209def3a510 JavaThread "http-nio-8080-exec-2"       daemon [_thread_blocked, id=29984, stack(0x000000a31f300000,0x000000a31f400000) (1024K)]
  0x00000209def37090 JavaThread "http-nio-8080-exec-3"       daemon [_thread_blocked, id=30088, stack(0x000000a31f400000,0x000000a31f500000) (1024K)]
  0x00000209def37720 JavaThread "http-nio-8080-exec-4"       daemon [_thread_blocked, id=15672, stack(0x000000a31f500000,0x000000a31f600000) (1024K)]
  0x00000209def37db0 JavaThread "http-nio-8080-exec-5"       daemon [_thread_blocked, id=24896, stack(0x000000a31f600000,0x000000a31f700000) (1024K)]
  0x00000209def38440 JavaThread "http-nio-8080-exec-6"       daemon [_thread_blocked, id=13736, stack(0x000000a31f700000,0x000000a31f800000) (1024K)]
  0x00000209def39160 JavaThread "http-nio-8080-exec-7"       daemon [_thread_blocked, id=18480, stack(0x000000a31f800000,0x000000a31f900000) (1024K)]
  0x00000209df27af20 JavaThread "http-nio-8080-exec-8"       daemon [_thread_blocked, id=25820, stack(0x000000a31f900000,0x000000a31fa00000) (1024K)]
  0x00000209df276060 JavaThread "http-nio-8080-exec-9"       daemon [_thread_blocked, id=9044, stack(0x000000a31fa00000,0x000000a31fb00000) (1024K)]
  0x00000209df279b70 JavaThread "http-nio-8080-exec-10"      daemon [_thread_blocked, id=30668, stack(0x000000a31fb00000,0x000000a31fc00000) (1024K)]
  0x00000209df2794e0 JavaThread "http-nio-8080-Poller"       daemon [_thread_in_native, id=17496, stack(0x000000a31fc00000,0x000000a31fd00000) (1024K)]
  0x00000209df27a890 JavaThread "http-nio-8080-Acceptor"     daemon [_thread_in_native, id=32448, stack(0x000000a31fd00000,0x000000a31fe00000) (1024K)]
  0x00000209df27cff0 JavaThread "DestroyJavaVM"                     [_thread_blocked, id=27768, stack(0x000000a31c700000,0x000000a31c800000) (1024K)]
Total: 31

Other Threads:
  0x00000209965aaec0 VMThread "VM Thread"                           [id=14044, stack(0x000000a31ce00000,0x000000a31cf00000) (1024K)]
  0x0000020996592a70 WatcherThread "VM Periodic Task Thread"        [id=7408, stack(0x000000a31cd00000,0x000000a31ce00000) (1024K)]
  0x00000209f71c1150 WorkerThread "GC Thread#0"                     [id=32660, stack(0x000000a31c800000,0x000000a31c900000) (1024K)]
  0x00000209dc936510 WorkerThread "GC Thread#1"                     [id=31572, stack(0x000000a31dd00000,0x000000a31de00000) (1024K)]
  0x00000209dc9368c0 WorkerThread "GC Thread#2"                     [id=26372, stack(0x000000a31de00000,0x000000a31df00000) (1024K)]
  0x00000209dc936c70 WorkerThread "GC Thread#3"                     [id=22848, stack(0x000000a31df00000,0x000000a31e000000) (1024K)]
  0x00000209dc937020 WorkerThread "GC Thread#4"                     [id=28712, stack(0x000000a31e000000,0x000000a31e100000) (1024K)]
  0x00000209dc9373d0 WorkerThread "GC Thread#5"                     [id=18600, stack(0x000000a31e100000,0x000000a31e200000) (1024K)]
  0x00000209dcce3b80 WorkerThread "GC Thread#6"                     [id=29544, stack(0x000000a31e400000,0x000000a31e500000) (1024K)]
  0x00000209dcd07240 WorkerThread "GC Thread#7"                     [id=18024, stack(0x000000a31e500000,0x000000a31e600000) (1024K)]
  0x00000209dcf487a0 WorkerThread "GC Thread#8"                     [id=30692, stack(0x000000a31e600000,0x000000a31e700000) (1024K)]
  0x00000209dcf35310 WorkerThread "GC Thread#9"                     [id=27560, stack(0x000000a31e700000,0x000000a31e800000) (1024K)]
  0x00000209f4fdbf50 ConcurrentGCThread "G1 Main Marker"            [id=15600, stack(0x000000a31c900000,0x000000a31ca00000) (1024K)]
  0x00000209f4fdc870 WorkerThread "G1 Conc#0"                       [id=30392, stack(0x000000a31ca00000,0x000000a31cb00000) (1024K)]
  0x00000209dd363ac0 WorkerThread "G1 Conc#1"                       [id=16004, stack(0x000000a31e200000,0x000000a31e300000) (1024K)]
  0x00000209dd363e70 WorkerThread "G1 Conc#2"                       [id=23060, stack(0x000000a31e800000,0x000000a31e900000) (1024K)]
  0x0000020996464600 ConcurrentGCThread "G1 Refine#0"               [id=4596, stack(0x000000a31cb00000,0x000000a31cc00000) (1024K)]
  0x0000020996465180 ConcurrentGCThread "G1 Service"                [id=13356, stack(0x000000a31cc00000,0x000000a31cd00000) (1024K)]
Total: 18

Threads with active compile tasks:
Total: 0

VM state: not at safepoint (normal execution)

VM Mutex/Monitor currently owned by a thread: None

Heap address: 0x0000000704400000, size: 4028 MB, Compressed Oops mode: Zero based, Oop shift amount: 3

CDS archive(s) mapped at: [0x0000020997000000-0x0000020997c50000-0x0000020997c50000), size 12910592, SharedBaseAddress: 0x0000020997000000, ArchiveRelocationMode: 1.
Compressed class space mapped at: 0x0000020998000000-0x00000209d8000000, reserved size: 1073741824
Narrow klass base: 0x0000020997000000, Narrow klass shift: 0, Narrow klass range: 0x41000000

GC Precious Log:
 CardTable entry size: 512
 Card Set container configuration: InlinePtr #cards 4 size 8 Array Of Cards #cards 16 size 48 Howl #buckets 8 coarsen threshold 3686 Howl Bitmap #cards 512 size 80 coarsen threshold 460 Card regions per heap region 1 cards per card region 4096
 CPUs: 12 total, 12 available
 Memory: 16108M
 Large Page Support: Disabled
 NUMA Support: Disabled
 Compressed Oops: Enabled (Zero based)
 Heap Region Size: 2M
 Heap Min Capacity: 8M
 Heap Initial Capacity: 252M
 Heap Max Capacity: 4028M
 Pre-touch: Disabled
 Parallel Workers: 10
 Concurrent Workers: 3
 Concurrent Refinement Workers: 10
 Periodic GC: Disabled

Heap:
 garbage-first heap   total reserved 4124672K, committed 86016K, used 61909K [0x0000000704400000, 0x0000000800000000)
  region size 2048K, 15 young (30720K), 2 survivors (4096K)
 Metaspace       used 75782K, committed 76608K, reserved 1179648K
  class space    used 10262K, committed 10624K, reserved 1048576K

Heap Regions: E=young(eden), S=young(survivor), O=old, HS=humongous(starts), HC=humongous(continues), CS=collection set, F=free, TAMS=top-at-mark-start, PB=parsable bottom
|   0|0x0000000704400000, 0x0000000704600000, 0x0000000704600000|100%| O|  |TAMS 0x0000000704400000| PB 0x0000000704400000| Untracked |  0
|   1|0x0000000704600000, 0x0000000704800000, 0x0000000704800000|100%| O|  |TAMS 0x0000000704600000| PB 0x0000000704600000| Untracked |  0
|   2|0x0000000704800000, 0x0000000704a00000, 0x0000000704a00000|100%| O|  |TAMS 0x0000000704800000| PB 0x0000000704800000| Untracked |  0
|   3|0x0000000704a00000, 0x0000000704c00000, 0x0000000704c00000|100%| O|  |TAMS 0x0000000704a00000| PB 0x0000000704a00000| Untracked |  0
|   4|0x0000000704c00000, 0x0000000704e00000, 0x0000000704e00000|100%| O|  |TAMS 0x0000000704c00000| PB 0x0000000704c00000| Untracked |  0
|   5|0x0000000704e00000, 0x0000000705000000, 0x0000000705000000|100%| O|  |TAMS 0x0000000704e00000| PB 0x0000000704e00000| Untracked |  0
|   6|0x0000000705000000, 0x0000000705200000, 0x0000000705200000|100%| O|  |TAMS 0x0000000705000000| PB 0x0000000705000000| Untracked |  0
|   7|0x0000000705200000, 0x0000000705400000, 0x0000000705400000|100%| O|  |TAMS 0x0000000705200000| PB 0x0000000705200000| Untracked |  0
|   8|0x0000000705400000, 0x0000000705600000, 0x0000000705600000|100%| O|  |TAMS 0x0000000705400000| PB 0x0000000705400000| Untracked |  0
|   9|0x0000000705600000, 0x0000000705800000, 0x0000000705800000|100%| O|  |TAMS 0x0000000705600000| PB 0x0000000705600000| Untracked |  0
|  10|0x0000000705800000, 0x0000000705a00000, 0x0000000705a00000|100%| O|  |TAMS 0x0000000705800000| PB 0x0000000705800000| Untracked |  0
|  11|0x0000000705a00000, 0x0000000705c00000, 0x0000000705c00000|100%| O|  |TAMS 0x0000000705a00000| PB 0x0000000705a00000| Untracked |  0
|  12|0x0000000705c00000, 0x0000000705e00000, 0x0000000705e00000|100%| O|  |TAMS 0x0000000705c00000| PB 0x0000000705c00000| Untracked |  0
|  13|0x0000000705e00000, 0x0000000706000000, 0x0000000706000000|100%| O|  |TAMS 0x0000000705e00000| PB 0x0000000705e00000| Untracked |  0
|  14|0x0000000706000000, 0x0000000706200000, 0x0000000706200000|100%| O|  |TAMS 0x0000000706000000| PB 0x0000000706000000| Untracked |  0
|  15|0x0000000706200000, 0x00000007062d8810, 0x0000000706400000| 42%| O|  |TAMS 0x0000000706200000| PB 0x0000000706200000| Untracked |  0
|  16|0x0000000706400000, 0x0000000706400000, 0x0000000706600000|  0%| F|  |TAMS 0x0000000706400000| PB 0x0000000706400000| Untracked |  0
|  17|0x0000000706600000, 0x0000000706800000, 0x0000000706800000|100%| O|  |TAMS 0x0000000706600000| PB 0x0000000706600000| Untracked |  0
|  18|0x0000000706800000, 0x000000070699cc50, 0x0000000706a00000| 80%| S|CS|TAMS 0x0000000706800000| PB 0x0000000706800000| Complete |  0
|  19|0x0000000706a00000, 0x0000000706a00000, 0x0000000706c00000|  0%| F|  |TAMS 0x0000000706a00000| PB 0x0000000706a00000| Untracked |  0
|  20|0x0000000706c00000, 0x0000000706c00000, 0x0000000706e00000|  0%| F|  |TAMS 0x0000000706c00000| PB 0x0000000706c00000| Untracked |  0
|  21|0x0000000706e00000, 0x0000000707000000, 0x0000000707000000|100%| S|CS|TAMS 0x0000000706e00000| PB 0x0000000706e00000| Complete |  0
|  22|0x0000000707000000, 0x0000000707000000, 0x0000000707200000|  0%| F|  |TAMS 0x0000000707000000| PB 0x0000000707000000| Untracked |  0
|  23|0x0000000707200000, 0x0000000707200000, 0x0000000707400000|  0%| F|  |TAMS 0x0000000707200000| PB 0x0000000707200000| Untracked |  0
|  24|0x0000000707400000, 0x0000000707400000, 0x0000000707600000|  0%| F|  |TAMS 0x0000000707400000| PB 0x0000000707400000| Untracked |  0
|  25|0x0000000707600000, 0x0000000707600000, 0x0000000707800000|  0%| F|  |TAMS 0x0000000707600000| PB 0x0000000707600000| Untracked |  0
|  26|0x0000000707800000, 0x0000000707800000, 0x0000000707a00000|  0%| F|  |TAMS 0x0000000707800000| PB 0x0000000707800000| Untracked |  0
|  27|0x0000000707a00000, 0x0000000707a00000, 0x0000000707c00000|  0%| F|  |TAMS 0x0000000707a00000| PB 0x0000000707a00000| Untracked |  0
|  28|0x0000000707c00000, 0x0000000707c00000, 0x0000000707e00000|  0%| F|  |TAMS 0x0000000707c00000| PB 0x0000000707c00000| Untracked |  0
|  29|0x0000000707e00000, 0x0000000707f34330, 0x0000000708000000| 60%| E|  |TAMS 0x0000000707e00000| PB 0x0000000707e00000| Complete |  0
|  30|0x0000000708000000, 0x0000000708200000, 0x0000000708200000|100%| E|CS|TAMS 0x0000000708000000| PB 0x0000000708000000| Complete |  0
|  31|0x0000000708200000, 0x0000000708400000, 0x0000000708400000|100%| E|CS|TAMS 0x0000000708200000| PB 0x0000000708200000| Complete |  0
|  32|0x0000000708400000, 0x0000000708600000, 0x0000000708600000|100%| E|CS|TAMS 0x0000000708400000| PB 0x0000000708400000| Complete |  0
|  33|0x0000000708600000, 0x0000000708800000, 0x0000000708800000|100%| E|CS|TAMS 0x0000000708600000| PB 0x0000000708600000| Complete |  0
|  34|0x0000000708800000, 0x0000000708a00000, 0x0000000708a00000|100%| E|CS|TAMS 0x0000000708800000| PB 0x0000000708800000| Complete |  0
|  35|0x0000000708a00000, 0x0000000708c00000, 0x0000000708c00000|100%| E|CS|TAMS 0x0000000708a00000| PB 0x0000000708a00000| Complete |  0
|  36|0x0000000708c00000, 0x0000000708e00000, 0x0000000708e00000|100%| E|CS|TAMS 0x0000000708c00000| PB 0x0000000708c00000| Complete |  0
|  99|0x0000000710a00000, 0x0000000710c00000, 0x0000000710c00000|100%| E|CS|TAMS 0x0000000710a00000| PB 0x0000000710a00000| Complete |  0
| 100|0x0000000710c00000, 0x0000000710e00000, 0x0000000710e00000|100%| E|CS|TAMS 0x0000000710c00000| PB 0x0000000710c00000| Complete |  0
| 101|0x0000000710e00000, 0x0000000711000000, 0x0000000711000000|100%| E|CS|TAMS 0x0000000710e00000| PB 0x0000000710e00000| Complete |  0
| 102|0x0000000711000000, 0x0000000711200000, 0x0000000711200000|100%| E|CS|TAMS 0x0000000711000000| PB 0x0000000711000000| Complete |  0
| 125|0x0000000713e00000, 0x0000000714000000, 0x0000000714000000|100%| E|CS|TAMS 0x0000000713e00000| PB 0x0000000713e00000| Complete |  0

Card table byte_map: [0x000002098f7e0000,0x000002098ffc0000] _byte_map_base: 0x000002098bfbe000

Marking Bits: (CMBitMap*) 0x00000209f71c1860
 Bits: [0x000002098ffc0000, 0x0000020993eb0000)

Polling page: 0x00000209f5070000

Metaspace:

Usage:
  Non-class:     63.98 MB used.
      Class:     10.02 MB used.
       Both:     74.01 MB used.

Virtual space:
  Non-class space:      128.00 MB reserved,      64.44 MB ( 50%) committed,  2 nodes.
      Class space:        1.00 GB reserved,      10.38 MB (  1%) committed,  1 nodes.
             Both:        1.12 GB reserved,      74.81 MB (  6%) committed. 

Chunk freelists:
   Non-Class:  15.31 MB
       Class:  5.50 MB
        Both:  20.81 MB

MaxMetaspaceSize: unlimited
CompressedClassSpaceSize: 1.00 GB
Initial GC threshold: 21.00 MB
Current GC threshold: 98.06 MB
CDS: on
 - commit_granule_bytes: 65536.
 - commit_granule_words: 8192.
 - virtual_space_node_default_size: 8388608.
 - enlarge_chunks_in_place: 1.
 - use_allocation_guard: 0.


Internal statistics:

num_allocs_failed_limit: 9.
num_arena_births: 1152.
num_arena_deaths: 0.
num_vsnodes_births: 3.
num_vsnodes_deaths: 0.
num_space_committed: 1197.
num_space_uncommitted: 0.
num_chunks_returned_to_freelist: 9.
num_chunks_taken_from_freelist: 3807.
num_chunk_merges: 6.
num_chunk_splits: 2680.
num_chunks_enlarged: 2031.
num_inconsistent_stats: 0.

CodeHeap 'non-profiled nmethods': size=120000Kb used=5687Kb max_used=5687Kb free=114312Kb
 bounds [0x0000020987ad0000, 0x0000020988060000, 0x000002098f000000]
CodeHeap 'profiled nmethods': size=120000Kb used=14027Kb max_used=14027Kb free=105972Kb
 bounds [0x0000020980000000, 0x0000020980dc0000, 0x0000020987530000]
CodeHeap 'non-nmethods': size=5760Kb used=1772Kb max_used=1835Kb free=3987Kb
 bounds [0x0000020987530000, 0x00000209877a0000, 0x0000020987ad0000]
 total_blobs=8058 nmethods=7280 adapters=681
 compilation: enabled
              stopped_count=0, restarted_count=0
 full_count=0

Compilation events (20 events):
Event: 24.006 Thread 0x00000209965d3840 8115       1       org.springframework.util.MimeType::getSubtype (5 bytes)
Event: 24.006 Thread 0x00000209965d3840 nmethod 8115 0x0000020988057a10 code [0x0000020988057ba0, 0x0000020988057c70]
Event: 24.007 Thread 0x00000209965d1eb0 nmethod 8106% 0x0000020988057d10 code [0x0000020988058000, 0x00000209880596f8]
Event: 24.007 Thread 0x00000209965d1eb0 8112       4       java.util.regex.Pattern::peek (26 bytes)
Event: 24.009 Thread 0x00000209965d1eb0 nmethod 8112 0x000002098805a710 code [0x000002098805a8a0, 0x000002098805a9a8]
Event: 24.009 Thread 0x00000209965d1eb0 8107       4       java.util.LinkedHashMap$LinkedEntryIterator::next (5 bytes)
Event: 24.010 Thread 0x00000209965d3840 8116       3       java.lang.invoke.MethodHandle::asCollectorChecks (75 bytes)
Event: 24.010 Thread 0x00000209965d3840 nmethod 8116 0x0000020980db0090 code [0x0000020980db02a0, 0x0000020980db0900]
Event: 24.012 Thread 0x00000209965d1eb0 nmethod 8107 0x000002098805aa90 code [0x000002098805ac20, 0x000002098805af08]
Event: 24.017 Thread 0x00000209965d1eb0 8117 %     4       java.util.Properties$LineReader::readLine @ 53 (584 bytes)
Event: 24.019 Thread 0x00000209965d3840 8118       3       java.util.ArrayList::indexOfRange (71 bytes)
Event: 24.020 Thread 0x00000209965d3840 nmethod 8118 0x0000020980db0b90 code [0x0000020980db0d80, 0x0000020980db1220]
Event: 24.020 Thread 0x00000209965d3840 8119       3       org.springframework.util.ConcurrentReferenceHashMap$Segment::restructureIfNecessary (56 bytes)
Event: 24.020 Thread 0x00000209965d3840 nmethod 8119 0x0000020980db1410 code [0x0000020980db15e0, 0x0000020980db1a98]
Event: 24.020 Thread 0x00000209965d3840 8120       3       org.springframework.core.annotation.AnnotationTypeMapping::isCompatibleReturnType (19 bytes)
Event: 24.021 Thread 0x00000209965d3840 nmethod 8120 0x0000020980db1c10 code [0x0000020980db1dc0, 0x0000020980db2050]
Event: 24.031 Thread 0x00000209965d3840 8121       3       java.util.concurrent.TimeUnit::toNanos (45 bytes)
Event: 24.031 Thread 0x00000209965d3840 nmethod 8121 0x0000020980db2190 code [0x0000020980db2340, 0x0000020980db2590]
Event: 24.036 Thread 0x00000209965d3840 8123       3       jdk.proxy1.$Proxy0::<init> (6 bytes)
Event: 24.036 Thread 0x00000209965d3840 nmethod 8123 0x0000020980db2610 code [0x0000020980db27e0, 0x0000020980db2b68]

GC Heap History (20 events):
Event: 1.940 GC heap before
{Heap before GC invocations=4 (full 0):
 garbage-first heap   total reserved 4124672K, committed 55296K, used 53350K [0x0000000704400000, 0x0000000800000000)
  region size 2048K, 23 young (47104K), 4 survivors (8192K)
 Metaspace       used 25110K, committed 25408K, reserved 1114112K
  class space    used 3131K, committed 3264K, reserved 1048576K
}
Event: 1.945 GC heap after
{Heap after GC invocations=5 (full 0):
 garbage-first heap   total reserved 4124672K, committed 65536K, used 16567K [0x0000000704400000, 0x0000000800000000)
  region size 2048K, 5 young (10240K), 5 survivors (10240K)
 Metaspace       used 25110K, committed 25408K, reserved 1114112K
  class space    used 3131K, committed 3264K, reserved 1048576K
}
Event: 2.418 GC heap before
{Heap before GC invocations=5 (full 0):
 garbage-first heap   total reserved 4124672K, committed 65536K, used 45239K [0x0000000704400000, 0x0000000800000000)
  region size 2048K, 19 young (38912K), 5 survivors (10240K)
 Metaspace       used 30546K, committed 30976K, reserved 1114112K
  class space    used 3842K, committed 4032K, reserved 1048576K
}
Event: 2.423 GC heap after
{Heap after GC invocations=6 (full 0):
 garbage-first heap   total reserved 4124672K, committed 65536K, used 18641K [0x0000000704400000, 0x0000000800000000)
  region size 2048K, 3 young (6144K), 3 survivors (6144K)
 Metaspace       used 30546K, committed 30976K, reserved 1114112K
  class space    used 3842K, committed 4032K, reserved 1048576K
}
Event: 2.820 GC heap before
{Heap before GC invocations=6 (full 0):
 garbage-first heap   total reserved 4124672K, committed 65536K, used 47313K [0x0000000704400000, 0x0000000800000000)
  region size 2048K, 18 young (36864K), 3 survivors (6144K)
 Metaspace       used 34035K, committed 34560K, reserved 1114112K
  class space    used 4304K, committed 4544K, reserved 1048576K
}
Event: 2.825 GC heap after
{Heap after GC invocations=7 (full 0):
 garbage-first heap   total reserved 4124672K, committed 65536K, used 20731K [0x0000000704400000, 0x0000000800000000)
  region size 2048K, 3 young (6144K), 3 survivors (6144K)
 Metaspace       used 34035K, committed 34560K, reserved 1114112K
  class space    used 4304K, committed 4544K, reserved 1048576K
}
Event: 3.051 GC heap before
{Heap before GC invocations=7 (full 0):
 garbage-first heap   total reserved 4124672K, committed 65536K, used 37115K [0x0000000704400000, 0x0000000800000000)
  region size 2048K, 12 young (24576K), 3 survivors (6144K)
 Metaspace       used 35495K, committed 35968K, reserved 1114112K
  class space    used 4528K, committed 4736K, reserved 1048576K
}
Event: 3.055 GC heap after
{Heap after GC invocations=8 (full 0):
 garbage-first heap   total reserved 4124672K, committed 65536K, used 22087K [0x0000000704400000, 0x0000000800000000)
  region size 2048K, 2 young (4096K), 2 survivors (4096K)
 Metaspace       used 35495K, committed 35968K, reserved 1114112K
  class space    used 4528K, committed 4736K, reserved 1048576K
}
Event: 3.713 GC heap before
{Heap before GC invocations=9 (full 0):
 garbage-first heap   total reserved 4124672K, committed 65536K, used 54855K [0x0000000704400000, 0x0000000800000000)
  region size 2048K, 18 young (36864K), 2 survivors (4096K)
 Metaspace       used 48106K, committed 48704K, reserved 1114112K
  class space    used 6228K, committed 6464K, reserved 1048576K
}
Event: 3.717 GC heap after
{Heap after GC invocations=10 (full 0):
 garbage-first heap   total reserved 4124672K, committed 86016K, used 24576K [0x0000000704400000, 0x0000000800000000)
  region size 2048K, 3 young (6144K), 3 survivors (6144K)
 Metaspace       used 48106K, committed 48704K, reserved 1114112K
  class space    used 6228K, committed 6464K, reserved 1048576K
}
Event: 4.281 GC heap before
{Heap before GC invocations=10 (full 0):
 garbage-first heap   total reserved 4124672K, committed 86016K, used 69632K [0x0000000704400000, 0x0000000800000000)
  region size 2048K, 25 young (51200K), 3 survivors (6144K)
 Metaspace       used 59482K, committed 60160K, reserved 1114112K
  class space    used 7952K, committed 8256K, reserved 1048576K
}
Event: 4.287 GC heap after
{Heap after GC invocations=11 (full 0):
 garbage-first heap   total reserved 4124672K, committed 86016K, used 26942K [0x0000000704400000, 0x0000000800000000)
  region size 2048K, 4 young (8192K), 4 survivors (8192K)
 Metaspace       used 59482K, committed 60160K, reserved 1114112K
  class space    used 7952K, committed 8256K, reserved 1048576K
}
Event: 4.290 GC heap before
{Heap before GC invocations=11 (full 0):
 garbage-first heap   total reserved 4124672K, committed 86016K, used 26942K [0x0000000704400000, 0x0000000800000000)
  region size 2048K, 5 young (10240K), 4 survivors (8192K)
 Metaspace       used 59556K, committed 60160K, reserved 1114112K
  class space    used 7962K, committed 8256K, reserved 1048576K
}
Event: 4.294 GC heap after
{Heap after GC invocations=12 (full 0):
 garbage-first heap   total reserved 4124672K, committed 86016K, used 27209K [0x0000000704400000, 0x0000000800000000)
  region size 2048K, 2 young (4096K), 2 survivors (4096K)
 Metaspace       used 59556K, committed 60160K, reserved 1114112K
  class space    used 7962K, committed 8256K, reserved 1048576K
}
Event: 4.959 GC heap before
{Heap before GC invocations=13 (full 0):
 garbage-first heap   total reserved 4124672K, committed 86016K, used 74313K [0x0000000704400000, 0x0000000800000000)
  region size 2048K, 25 young (51200K), 2 survivors (4096K)
 Metaspace       used 66050K, committed 66752K, reserved 1114112K
  class space    used 8889K, committed 9216K, reserved 1048576K
}
Event: 4.964 GC heap after
{Heap after GC invocations=14 (full 0):
 garbage-first heap   total reserved 4124672K, committed 86016K, used 30164K [0x0000000704400000, 0x0000000800000000)
  region size 2048K, 3 young (6144K), 3 survivors (6144K)
 Metaspace       used 66050K, committed 66752K, reserved 1114112K
  class space    used 8889K, committed 9216K, reserved 1048576K
}
Event: 5.502 GC heap before
{Heap before GC invocations=14 (full 0):
 garbage-first heap   total reserved 4124672K, committed 86016K, used 73172K [0x0000000704400000, 0x0000000800000000)
  region size 2048K, 24 young (49152K), 3 survivors (6144K)
 Metaspace       used 69284K, committed 70016K, reserved 1114112K
  class space    used 9337K, committed 9664K, reserved 1048576K
}
Event: 5.507 GC heap after
{Heap after GC invocations=15 (full 0):
 garbage-first heap   total reserved 4124672K, committed 86016K, used 33911K [0x0000000704400000, 0x0000000800000000)
  region size 2048K, 2 young (4096K), 2 survivors (4096K)
 Metaspace       used 69284K, committed 70016K, reserved 1114112K
  class space    used 9337K, committed 9664K, reserved 1048576K
}
Event: 5.982 GC heap before
{Heap before GC invocations=15 (full 0):
 garbage-first heap   total reserved 4124672K, committed 86016K, used 74871K [0x0000000704400000, 0x0000000800000000)
  region size 2048K, 22 young (45056K), 2 survivors (4096K)
 Metaspace       used 71853K, committed 72576K, reserved 1114112K
  class space    used 9744K, committed 10048K, reserved 1048576K
}
Event: 5.986 GC heap after
{Heap after GC invocations=16 (full 0):
 garbage-first heap   total reserved 4124672K, committed 86016K, used 37333K [0x0000000704400000, 0x0000000800000000)
  region size 2048K, 2 young (4096K), 2 survivors (4096K)
 Metaspace       used 71853K, committed 72576K, reserved 1114112K
  class space    used 9744K, committed 10048K, reserved 1048576K
}

Dll operation events (15 events):
Event: 0.006 Loaded shared library C:\Users\alena\.jdks\openjdk-22.0.1\bin\java.dll
Event: 0.031 Loaded shared library C:\Users\alena\.jdks\openjdk-22.0.1\bin\jsvml.dll
Event: 0.074 Loaded shared library C:\Users\alena\.jdks\openjdk-22.0.1\bin\zip.dll
Event: 0.077 Loaded shared library C:\Users\alena\.jdks\openjdk-22.0.1\bin\instrument.dll
Event: 0.080 Loaded shared library C:\Users\alena\.jdks\openjdk-22.0.1\bin\net.dll
Event: 0.081 Loaded shared library C:\Users\alena\.jdks\openjdk-22.0.1\bin\nio.dll
Event: 0.083 Loaded shared library C:\Users\alena\.jdks\openjdk-22.0.1\bin\zip.dll
Event: 0.123 Loaded shared library C:\Program Files\JetBrains\IntelliJ IDEA Community Edition 2024.1.1\bin\breakgen64.dll
Event: 0.129 Loaded shared library C:\Users\alena\.jdks\openjdk-22.0.1\bin\extnet.dll
Event: 0.148 Loaded shared library C:\Users\alena\.jdks\openjdk-22.0.1\bin\jimage.dll
Event: 0.337 Loaded shared library C:\Users\alena\.jdks\openjdk-22.0.1\bin\management.dll
Event: 0.338 Loaded shared library C:\Users\alena\.jdks\openjdk-22.0.1\bin\management_ext.dll
Event: 0.648 Loaded shared library C:\Users\alena\.jdks\openjdk-22.0.1\bin\le.dll
Event: 0.931 Loaded shared library C:\Users\alena\.jdks\openjdk-22.0.1\bin\sunmscapi.dll
Event: 3.289 Loaded shared library C:\Users\alena\.jdks\openjdk-22.0.1\bin\verify.dll

Deoptimization events (20 events):
Event: 6.125 Thread 0x00000209dc6e4b30 DEOPT PACKING pc=0x0000020987bd8598 sp=0x000000a31dcfe5c0
Event: 6.125 Thread 0x00000209dc6e4b30 DEOPT UNPACKING pc=0x00000209875846a2 sp=0x000000a31dcfe540 mode 2
Event: 6.132 Thread 0x00000209dc6e4b30 DEOPT PACKING pc=0x0000020980d520fe sp=0x000000a31dcfe670
Event: 6.132 Thread 0x00000209dc6e4b30 DEOPT UNPACKING pc=0x0000020987584e42 sp=0x000000a31dcfdb48 mode 0
Event: 6.133 Thread 0x00000209dc6e4b30 DEOPT PACKING pc=0x0000020980d520fe sp=0x000000a31dcfe640
Event: 6.133 Thread 0x00000209dc6e4b30 DEOPT UNPACKING pc=0x0000020987584e42 sp=0x000000a31dcfdb08 mode 0
Event: 6.133 Thread 0x00000209dc6e4b30 DEOPT PACKING pc=0x0000020980d520fe sp=0x000000a31dcfe640
Event: 6.133 Thread 0x00000209dc6e4b30 DEOPT UNPACKING pc=0x0000020987584e42 sp=0x000000a31dcfdb08 mode 0
Event: 6.160 Thread 0x00000209dc6e4b30 Uncommon trap: trap_request=0xfffffff4 fr.pc=0x0000020987f67ea8 relative=0x0000000000000548
Event: 6.160 Thread 0x00000209dc6e4b30 Uncommon trap: reason=null_check action=make_not_entrant pc=0x0000020987f67ea8 method=java.util.AbstractCollection.toArray([Ljava/lang/Object;)[Ljava/lang/Object; @ 116 c2
Event: 6.160 Thread 0x00000209dc6e4b30 DEOPT PACKING pc=0x0000020987f67ea8 sp=0x000000a31dcfda30
Event: 6.160 Thread 0x00000209dc6e4b30 DEOPT UNPACKING pc=0x00000209875846a2 sp=0x000000a31dcfd9f0 mode 2
Event: 24.035 Thread 0x00000209def39e80 Uncommon trap: trap_request=0xffffff66 fr.pc=0x000002098802c65c relative=0x0000000000000b1c
Event: 24.035 Thread 0x00000209def39e80 Uncommon trap: reason=speculate_class_check action=maybe_recompile pc=0x000002098802c65c method=org.springframework.transaction.interceptor.AbstractFallbackTransactionAttributeSource.getTransactionAttribute(Ljava/lang/reflect/Method;Ljava/lang/Class;)Lorg
Event: 24.035 Thread 0x00000209def39e80 DEOPT PACKING pc=0x000002098802c65c sp=0x000000a31f1fcc70
Event: 24.035 Thread 0x00000209def39e80 DEOPT UNPACKING pc=0x00000209875846a2 sp=0x000000a31f1fcc38 mode 2
Event: 24.037 Thread 0x00000209def39e80 Uncommon trap: trap_request=0xffffff45 fr.pc=0x0000020987fcc1f4 relative=0x0000000000001334
Event: 24.037 Thread 0x00000209def39e80 Uncommon trap: reason=unstable_if action=reinterpret pc=0x0000020987fcc1f4 method=org.springframework.transaction.annotation.SpringTransactionAnnotationParser.parseTransactionAnnotation(Ljava/lang/reflect/AnnotatedElement;)Lorg/springframework/transaction
Event: 24.037 Thread 0x00000209def39e80 DEOPT PACKING pc=0x0000020987fcc1f4 sp=0x000000a31f1fcb20
Event: 24.037 Thread 0x00000209def39e80 DEOPT UNPACKING pc=0x00000209875846a2 sp=0x000000a31f1fca88 mode 2

Classes loaded (20 events):
Event: 23.881 Loading class sun/nio/ch/SelectionKeyImpl
Event: 23.881 Loading class java/nio/channels/spi/AbstractSelectionKey
Event: 23.881 Loading class java/nio/channels/SelectionKey
Event: 23.881 Loading class java/nio/channels/SelectionKey done
Event: 23.881 Loading class java/nio/channels/spi/AbstractSelectionKey done
Event: 23.881 Loading class sun/nio/ch/SelectionKeyImpl done
Event: 23.882 Loading class java/lang/invoke/ConstantBootstraps
Event: 23.882 Loading class java/lang/invoke/ConstantBootstraps done
Event: 23.932 Loading class sun/nio/cs/ThreadLocalCoders
Event: 23.932 Loading class sun/nio/cs/ThreadLocalCoders done
Event: 23.932 Loading class sun/nio/cs/ThreadLocalCoders$1
Event: 23.932 Loading class sun/nio/cs/ThreadLocalCoders$Cache
Event: 23.932 Loading class sun/nio/cs/ThreadLocalCoders$Cache done
Event: 23.932 Loading class sun/nio/cs/ThreadLocalCoders$1 done
Event: 23.932 Loading class sun/nio/cs/ThreadLocalCoders$2
Event: 23.932 Loading class sun/nio/cs/ThreadLocalCoders$2 done
Event: 23.985 Loading class java/util/concurrent/ArrayBlockingQueue
Event: 23.986 Loading class java/util/concurrent/ArrayBlockingQueue done
Event: 23.986 Loading class java/util/concurrent/ArrayBlockingQueue$Itr
Event: 23.986 Loading class java/util/concurrent/ArrayBlockingQueue$Itr done

Classes unloaded (0 events):
No events

Classes redefined (0 events):
No events

Internal exceptions (20 events):
Event: 5.656 Thread 0x00000209dc6e4b30 Exception <a 'java/lang/NoSuchMethodError'{0x0000000708ce9d38}: 'java.lang.Object java.lang.invoke.DirectMethodHandle$Holder.newInvokeSpecial(java.lang.Object, java.lang.Object, java.lang.Object, java.lang.Object, java.lang.Object, java.lang.Object, java.lang.Object, java.lang.Object, java.lang.Object)'> (0x0000000708ce9d38) 
thrown [s\open\src\hotspot\share\interpreter\linkResolver.cpp, line 774]
Event: 5.701 Thread 0x00000209dc6e4b30 Exception <a 'java/lang/NoSuchMethodError'{0x00000007088115f8}: 'java.lang.Object java.lang.invoke.DirectMethodHandle$Holder.invokeVirtual(java.lang.Object, java.lang.Object, java.lang.Object, java.lang.Object, java.lang.Object, java.lang.Object, java.lang.Object)'> (0x00000007088115f8) 
thrown [s\open\src\hotspot\share\interpreter\linkResolver.cpp, line 774]
Event: 5.722 Thread 0x00000209dc6e4b30 Implicit null exception at 0x0000020987f00c41 to 0x0000020987f00d7c
Event: 5.822 Thread 0x00000209dc6e4b30 Exception <a 'java/lang/NoSuchMethodError'{0x00000007080ed208}: 'double java.lang.invoke.DirectMethodHandle$Holder.invokeStatic(java.lang.Object, java.lang.Object)'> (0x00000007080ed208) 
thrown [s\open\src\hotspot\share\interpreter\linkResolver.cpp, line 774]
Event: 5.914 Thread 0x00000209dc6e4b30 Exception <a 'java/lang/NoSuchMethodError'{0x0000000707646af8}: 'java.lang.Object java.lang.invoke.DirectMethodHandle$Holder.newInvokeSpecial(java.lang.Object, java.lang.Object, java.lang.Object, int, int)'> (0x0000000707646af8) 
thrown [s\open\src\hotspot\share\interpreter\linkResolver.cpp, line 774]
Event: 5.922 Thread 0x00000209dc6e4b30 Exception <a 'java/lang/IncompatibleClassChangeError'{0x000000070770d320}: Found class java.lang.Object, but interface was expected> (0x000000070770d320) 
thrown [s\open\src\hotspot\share\interpreter\linkResolver.cpp, line 841]
Event: 5.995 Thread 0x0000020996ab7bd0 Exception <a 'java/lang/NoSuchMethodError'{0x0000000713f39988}: 'long java.lang.invoke.DirectMethodHandle$Holder.invokeStatic(java.lang.Object, java.lang.Object, java.lang.Object)'> (0x0000000713f39988) 
thrown [s\open\src\hotspot\share\interpreter\linkResolver.cpp, line 774]
Event: 6.034 Thread 0x00000209dc6e4b30 Exception <a 'java/lang/NoSuchMethodError'{0x0000000710f4e1c8}: 'java.lang.Object java.lang.invoke.DirectMethodHandle$Holder.invokeVirtual(java.lang.Object, java.lang.Object, java.lang.Object, java.lang.Object, java.lang.Object, java.lang.Object, java.lang.Object, java.lang.Object, java.lang.Object)'> (0x0000000710f4e1c8) 
thrown [s\open\src\hotspot\share\interpreter\linkResolver.cpp, line 774]
Event: 6.066 Thread 0x00000209dc6e4b30 Exception <a 'java/lang/NoSuchMethodError'{0x0000000710a7aa18}: 'void java.lang.invoke.DirectMethodHandle$Holder.invokeStatic(java.lang.Object, java.lang.Object, double)'> (0x0000000710a7aa18) 
thrown [s\open\src\hotspot\share\interpreter\linkResolver.cpp, line 774]
Event: 6.076 Thread 0x00000209dc6e4b30 Exception <a 'java/lang/NoSuchMethodError'{0x0000000710acd558}: 'double java.lang.invoke.DirectMethodHandle$Holder.invokeStatic(java.lang.Object, java.lang.Object, java.lang.Object)'> (0x0000000710acd558) 
thrown [s\open\src\hotspot\share\interpreter\linkResolver.cpp, line 774]
Event: 6.099 Thread 0x00000209dc6e4b30 Exception <a 'java/lang/IncompatibleClassChangeError'{0x0000000710ba9ca8}: Found class java.lang.Object, but interface was expected> (0x0000000710ba9ca8) 
thrown [s\open\src\hotspot\share\interpreter\linkResolver.cpp, line 841]
Event: 6.103 Thread 0x00000209dc6e4b30 Exception <a 'java/lang/NoSuchMethodError'{0x0000000710bc5048}: 'java.lang.Object java.lang.invoke.DirectMethodHandle$Holder.newInvokeSpecial(java.lang.Object, java.lang.Object, int, java.lang.Object, java.lang.Object)'> (0x0000000710bc5048) 
thrown [s\open\src\hotspot\share\interpreter\linkResolver.cpp, line 774]
Event: 6.103 Thread 0x00000209dc6e4b30 Exception <a 'java/lang/NoSuchMethodError'{0x0000000710bcfb28}: 'java.lang.Object java.lang.invoke.DirectMethodHandle$Holder.invokeSpecial(java.lang.Object, java.lang.Object, int, java.lang.Object, int, java.lang.Object)'> (0x0000000710bcfb28) 
thrown [s\open\src\hotspot\share\interpreter\linkResolver.cpp, line 774]
Event: 6.104 Thread 0x00000209dc6e4b30 Exception <a 'java/lang/NoSuchMethodError'{0x0000000710bd6c08}: 'java.lang.Object java.lang.invoke.DirectMethodHandle$Holder.newInvokeSpecial(java.lang.Object, java.lang.Object, int, java.lang.Object, int)'> (0x0000000710bd6c08) 
thrown [s\open\src\hotspot\share\interpreter\linkResolver.cpp, line 774]
Event: 6.104 Thread 0x00000209dc6e4b30 Exception <a 'java/lang/NoSuchMethodError'{0x0000000710bdaa40}: 'java.lang.Object java.lang.invoke.DirectMethodHandle$Holder.invokeSpecial(java.lang.Object, java.lang.Object, java.lang.Object, int, java.lang.Object, int)'> (0x0000000710bdaa40) 
thrown [s\open\src\hotspot\share\interpreter\linkResolver.cpp, line 774]
Event: 6.125 Thread 0x00000209dc6e4b30 Implicit null exception at 0x0000020987bd82e5 to 0x0000020987bd8578
Event: 6.143 Thread 0x00000209dc6e4b30 Exception <a 'java/lang/IncompatibleClassChangeError'{0x0000000708ca70c0}: Found class java.lang.Object, but interface was expected> (0x0000000708ca70c0) 
thrown [s\open\src\hotspot\share\interpreter\linkResolver.cpp, line 841]
Event: 6.160 Thread 0x00000209dc6e4b30 Implicit null exception at 0x0000020987f67be5 to 0x0000020987f67e9d
Event: 23.924 Thread 0x00000209def39e80 Exception <a 'java/lang/NoSuchMethodError'{0x0000000708025ee0}: 'java.lang.Object java.lang.invoke.DirectMethodHandle$Holder.invokeSpecial(java.lang.Object, java.lang.Object, java.lang.Object, java.lang.Object, java.lang.Object, long)'> (0x0000000708025ee0) 
thrown [s\open\src\hotspot\share\interpreter\linkResolver.cpp, line 774]
Event: 23.924 Thread 0x00000209def39e80 Exception <a 'java/lang/NoSuchMethodError'{0x0000000708029658}: 'java.lang.Object java.lang.invoke.Invokers$Holder.linkToTargetMethod(java.lang.Object, java.lang.Object, java.lang.Object, long, java.lang.Object)'> (0x0000000708029658) 
thrown [s\open\src\hotspot\share\interpreter\linkResolver.cpp, line 774]

ZGC Phase Switch (0 events):
No events

VM Operations (20 events):
Event: 6.079 Executing VM operation: HandshakeAllThreads (Deoptimize)
Event: 6.079 Executing VM operation: HandshakeAllThreads (Deoptimize) done
Event: 6.101 Executing VM operation: HandshakeAllThreads (Deoptimize)
Event: 6.101 Executing VM operation: HandshakeAllThreads (Deoptimize) done
Event: 6.202 Executing VM operation: HandshakeAllThreads (Deoptimize)
Event: 6.202 Executing VM operation: HandshakeAllThreads (Deoptimize) done
Event: 7.192 Executing VM operation: Cleanup
Event: 7.192 Executing VM operation: Cleanup done
Event: 9.201 Executing VM operation: Cleanup
Event: 9.202 Executing VM operation: Cleanup done
Event: 10.202 Executing VM operation: Cleanup
Event: 10.202 Executing VM operation: Cleanup done
Event: 22.293 Executing VM operation: Cleanup
Event: 22.293 Executing VM operation: Cleanup done
Event: 23.948 Executing VM operation: HandshakeAllThreads (Deoptimize)
Event: 23.948 Executing VM operation: HandshakeAllThreads (Deoptimize) done
Event: 23.948 Executing VM operation: Cleanup
Event: 23.948 Executing VM operation: Cleanup done
Event: 24.027 Executing VM operation: HandshakeAllThreads (Deoptimize)
Event: 24.027 Executing VM operation: HandshakeAllThreads (Deoptimize) done

Events (20 events):
Event: 6.026 Thread 0x00000209def38ad0 Thread added: 0x00000209def38ad0
Event: 6.110 Thread 0x00000209def39e80 Thread added: 0x00000209def39e80
Event: 6.110 Thread 0x00000209def3a510 Thread added: 0x00000209def3a510
Event: 6.110 Thread 0x00000209def37090 Thread added: 0x00000209def37090
Event: 6.110 Thread 0x00000209def37720 Thread added: 0x00000209def37720
Event: 6.110 Thread 0x00000209def37db0 Thread added: 0x00000209def37db0
Event: 6.110 Thread 0x00000209def38440 Thread added: 0x00000209def38440
Event: 6.110 Thread 0x00000209def39160 Thread added: 0x00000209def39160
Event: 6.111 Thread 0x00000209df27af20 Thread added: 0x00000209df27af20
Event: 6.111 Thread 0x00000209df276060 Thread added: 0x00000209df276060
Event: 6.111 Thread 0x00000209df279b70 Thread added: 0x00000209df279b70
Event: 6.121 Thread 0x00000209df2794e0 Thread added: 0x00000209df2794e0
Event: 6.122 Thread 0x00000209df27a890 Thread added: 0x00000209df27a890
Event: 6.208 Thread 0x00000209dc6e4b30 Thread exited: 0x00000209dc6e4b30
Event: 6.209 Thread 0x00000209dc90cdb0 Thread exited: 0x00000209dc90cdb0
Event: 6.210 Thread 0x00000209f715be00 Thread exited: 0x00000209f715be00
Event: 6.210 Thread 0x00000209df27cff0 Thread added: 0x00000209df27cff0
Event: 6.621 Thread 0x00000209e05fc820 Thread exited: 0x00000209e05fc820
Event: 6.624 Thread 0x0000020996857420 Thread exited: 0x0000020996857420
Event: 9.023 Thread 0x00000209ddd41d00 Thread exited: 0x00000209ddd41d00


Dynamic libraries:
0x00007ff6dbfe0000 - 0x00007ff6dbfee000 	C:\Users\alena\.jdks\openjdk-22.0.1\bin\java.exe
0x00007ffe35e50000 - 0x00007ffe36067000 	C:\Windows\SYSTEM32\ntdll.dll
0x00007ffe33fe0000 - 0x00007ffe340a4000 	C:\Windows\System32\KERNEL32.DLL
0x00007ffe335d0000 - 0x00007ffe3397c000 	C:\Windows\System32\KERNELBASE.dll
0x00007ffe334b0000 - 0x00007ffe335c1000 	C:\Windows\System32\ucrtbase.dll
0x00007ffe2e000000 - 0x00007ffe2e017000 	C:\Users\alena\.jdks\openjdk-22.0.1\bin\jli.dll
0x00007ffe292a0000 - 0x00007ffe292bb000 	C:\Users\alena\.jdks\openjdk-22.0.1\bin\VCRUNTIME140.dll
0x00007ffe35ab0000 - 0x00007ffe35c5e000 	C:\Windows\System32\USER32.dll
0x00007ffe33360000 - 0x00007ffe33386000 	C:\Windows\System32\win32u.dll
0x00007ffe35a80000 - 0x00007ffe35aa9000 	C:\Windows\System32\GDI32.dll
0x00007ffe33a70000 - 0x00007ffe33b89000 	C:\Windows\System32\gdi32full.dll
0x00007ffe33410000 - 0x00007ffe334aa000 	C:\Windows\System32\msvcp_win.dll
0x00007ffe1b5f0000 - 0x00007ffe1b883000 	C:\Windows\WinSxS\amd64_microsoft.windows.common-controls_6595b64144ccf1df_6.0.22621.3672_none_2713b9d173822955\COMCTL32.dll
0x00007ffe359d0000 - 0x00007ffe35a77000 	C:\Windows\System32\msvcrt.dll
0x00007ffe356d0000 - 0x00007ffe35701000 	C:\Windows\System32\IMM32.DLL
0x00007ffe2fa90000 - 0x00007ffe2fa9c000 	C:\Users\alena\.jdks\openjdk-22.0.1\bin\vcruntime140_1.dll
0x00007ffe23bb0000 - 0x00007ffe23c3e000 	C:\Users\alena\.jdks\openjdk-22.0.1\bin\msvcp140.dll
0x00007ffdc70b0000 - 0x00007ffdc7df7000 	C:\Users\alena\.jdks\openjdk-22.0.1\bin\server\jvm.dll
0x00007ffe33b90000 - 0x00007ffe33c42000 	C:\Windows\System32\ADVAPI32.dll
0x00007ffe34110000 - 0x00007ffe341ba000 	C:\Windows\System32\sechost.dll
0x00007ffe33980000 - 0x00007ffe339a8000 	C:\Windows\System32\bcrypt.dll
0x00007ffe35c90000 - 0x00007ffe35da5000 	C:\Windows\System32\RPCRT4.dll
0x00007ffe35610000 - 0x00007ffe35681000 	C:\Windows\System32\WS2_32.dll
0x00007ffe2c910000 - 0x00007ffe2c944000 	C:\Windows\SYSTEM32\WINMM.dll
0x00007ffe33040000 - 0x00007ffe3308d000 	C:\Windows\SYSTEM32\POWRPROF.dll
0x00007ffe167f0000 - 0x00007ffe167fa000 	C:\Windows\SYSTEM32\VERSION.dll
0x00007ffe33020000 - 0x00007ffe33033000 	C:\Windows\SYSTEM32\UMPDC.dll
0x00007ffe32170000 - 0x00007ffe32188000 	C:\Windows\SYSTEM32\kernel.appcore.dll
0x00007ffe2dff0000 - 0x00007ffe2dffa000 	C:\Users\alena\.jdks\openjdk-22.0.1\bin\jimage.dll
0x00007ffe30980000 - 0x00007ffe30bb2000 	C:\Windows\SYSTEM32\DBGHELP.DLL
0x00007ffe341c0000 - 0x00007ffe34548000 	C:\Windows\System32\combase.dll
0x00007ffe33f00000 - 0x00007ffe33fd7000 	C:\Windows\System32\OLEAUT32.dll
0x00007ffe143b0000 - 0x00007ffe143e2000 	C:\Windows\SYSTEM32\dbgcore.DLL
0x00007ffe33390000 - 0x00007ffe3340b000 	C:\Windows\System32\bcryptPrimitives.dll
0x00007ffe2dfc0000 - 0x00007ffe2dfcf000 	C:\Users\alena\.jdks\openjdk-22.0.1\bin\instrument.dll
0x00007ffe25720000 - 0x00007ffe2573e000 	C:\Users\alena\.jdks\openjdk-22.0.1\bin\java.dll
0x00007ffe34db0000 - 0x00007ffe3560c000 	C:\Windows\System32\SHELL32.dll
0x00007ffe33d50000 - 0x00007ffe33ef5000 	C:\Windows\System32\ole32.dll
0x00007ffe31080000 - 0x00007ffe31977000 	C:\Windows\SYSTEM32\windows.storage.dll
0x00007ffe30f40000 - 0x00007ffe3107f000 	C:\Windows\SYSTEM32\wintypes.dll
0x00007ffe347b0000 - 0x00007ffe348a4000 	C:\Windows\System32\SHCORE.dll
0x00007ffe358d0000 - 0x00007ffe3592e000 	C:\Windows\System32\shlwapi.dll
0x00007ffe330b0000 - 0x00007ffe330d1000 	C:\Windows\SYSTEM32\profapi.dll
0x00007ffe1cb40000 - 0x00007ffe1cc17000 	C:\Users\alena\.jdks\openjdk-22.0.1\bin\jsvml.dll
0x00007ffe25080000 - 0x00007ffe25097000 	C:\Users\alena\.jdks\openjdk-22.0.1\bin\zip.dll
0x00007ffe25710000 - 0x00007ffe25720000 	C:\Users\alena\.jdks\openjdk-22.0.1\bin\net.dll
0x00007ffe325d0000 - 0x00007ffe32639000 	C:\Windows\system32\mswsock.dll
0x00007ffe250a0000 - 0x00007ffe250b6000 	C:\Users\alena\.jdks\openjdk-22.0.1\bin\nio.dll
0x00007ffe24860000 - 0x00007ffe2487a000 	C:\Program Files\JetBrains\IntelliJ IDEA Community Edition 2024.1.1\bin\breakgen64.dll
0x00007ffe25700000 - 0x00007ffe25709000 	C:\Users\alena\.jdks\openjdk-22.0.1\bin\extnet.dll
0x00007ffe25200000 - 0x00007ffe2520a000 	C:\Users\alena\.jdks\openjdk-22.0.1\bin\management.dll
0x00007ffe24970000 - 0x00007ffe2497b000 	C:\Users\alena\.jdks\openjdk-22.0.1\bin\management_ext.dll
0x00007ffe35c80000 - 0x00007ffe35c88000 	C:\Windows\System32\PSAPI.DLL
0x00007ffe24840000 - 0x00007ffe2484b000 	C:\Users\alena\.jdks\openjdk-22.0.1\bin\le.dll
0x00007ffe24850000 - 0x00007ffe2485e000 	C:\Users\alena\.jdks\openjdk-22.0.1\bin\sunmscapi.dll
0x00007ffe33180000 - 0x00007ffe332e7000 	C:\Windows\System32\CRYPT32.dll
0x00007ffe32a40000 - 0x00007ffe32a6e000 	C:\Windows\SYSTEM32\ncrypt.dll
0x00007ffe32a00000 - 0x00007ffe32a37000 	C:\Windows\SYSTEM32\NTASN1.dll
0x00007ffe328c0000 - 0x00007ffe328db000 	C:\Windows\SYSTEM32\CRYPTSP.dll
0x00007ffe320d0000 - 0x00007ffe32105000 	C:\Windows\system32\rsaenh.dll
0x00007ffe32670000 - 0x00007ffe32698000 	C:\Windows\SYSTEM32\USERENV.dll
0x00007ffe327d0000 - 0x00007ffe327dc000 	C:\Windows\SYSTEM32\CRYPTBASE.dll
0x00007ffe31c20000 - 0x00007ffe31c4d000 	C:\Windows\SYSTEM32\IPHLPAPI.DLL
0x00007ffe35930000 - 0x00007ffe35939000 	C:\Windows\System32\NSI.dll
0x00007ffe24360000 - 0x00007ffe24370000 	C:\Users\alena\.jdks\openjdk-22.0.1\bin\verify.dll
0x00007ffe31ca0000 - 0x00007ffe31d98000 	C:\Windows\SYSTEM32\DNSAPI.dll
0x00007ffe2a750000 - 0x00007ffe2a75a000 	C:\Windows\System32\rasadhlp.dll
0x00007ffe2a8b0000 - 0x00007ffe2a933000 	C:\Windows\System32\fwpuclnt.dll
0x00007ffdf9540000 - 0x00007ffdf9548000 	C:\Windows\system32\wshunix.dll

dbghelp: loaded successfully - version: 4.0.5 - missing functions: none
symbol engine: initialized successfully - sym options: 0x614 - pdb path: .;C:\Users\alena\.jdks\openjdk-22.0.1\bin;C:\Windows\SYSTEM32;C:\Windows\WinSxS\amd64_microsoft.windows.common-controls_6595b64144ccf1df_6.0.22621.3672_none_2713b9d173822955;C:\Users\alena\.jdks\openjdk-22.0.1\bin\server;C:\Program Files\JetBrains\IntelliJ IDEA Community Edition 2024.1.1\bin

VM Arguments:
jvm_args: -javaagent:C:\Program Files\JetBrains\IntelliJ IDEA Community Edition 2024.1.1\lib\idea_rt.jar=57741:C:\Program Files\JetBrains\IntelliJ IDEA Community Edition 2024.1.1\bin -Dfile.encoding=UTF-8 -Dsun.stdout.encoding=UTF-8 -Dsun.stderr.encoding=UTF-8 
java_command: com.FilmFeel.FilmFeelApplication
java_class_path (initial): C:\Users\alena\IdealProjects\FilmFeel\target\classes;C:\Users\alena\.m2\repository\org\springframework\boot\spring-boot-starter-actuator\3.2.5\spring-boot-starter-actuator-3.2.5.jar;C:\Users\alena\.m2\repository\org\springframework\boot\spring-boot-starter\3.2.5\spring-boot-starter-3.2.5.jar;C:\Users\alena\.m2\repository\org\springframework\boot\spring-boot-starter-logging\3.2.5\spring-boot-starter-logging-3.2.5.jar;C:\Users\alena\.m2\repository\ch\qos\logback\logback-classic\1.4.14\logback-classic-1.4.14.jar;C:\Users\alena\.m2\repository\ch\qos\logback\logback-core\1.4.14\logback-core-1.4.14.jar;C:\Users\alena\.m2\repository\org\apache\logging\log4j\log4j-to-slf4j\2.21.1\log4j-to-slf4j-2.21.1.jar;C:\Users\alena\.m2\repository\org\apache\logging\log4j\log4j-api\2.21.1\log4j-api-2.21.1.jar;C:\Users\alena\.m2\repository\org\slf4j\jul-to-slf4j\2.0.13\jul-to-slf4j-2.0.13.jar;C:\Users\alena\.m2\repository\jakarta\annotation\jakarta.annotation-api\2.1.1\jakarta.annotation-api-2.1.1.jar;C:\Users\alena\.m2\repository\org\yaml\snakeyaml\2.2\snakeyaml-2.2.jar;C:\Users\alena\.m2\repository\org\springframework\boot\spring-boot-actuator-autoconfigure\3.2.5\spring-boot-actuator-autoconfigure-3.2.5.jar;C:\Users\alena\.m2\repository\org\springframework\boot\spring-boot-actuator\3.2.5\spring-boot-actuator-3.2.5.jar;C:\Users\alena\.m2\repository\com\fasterxml\jackson\core\jackson-databind\2.15.4\jackson-databind-2.15.4.jar;C:\Users\alena\.m2\repository\com\fasterxml\jackson\core\jackson-annotations\2.15.4\jackson-annotations-2.15.4.jar;C:\Users\alena\.m2\repository\com\fasterxml\jackson\core\jackson-core\2.15.4\jackson-core-2.15.4.jar;C:\Users\alena\.m2\repository\com\fasterxml\jackson\datatype\jackson-datatype-jsr310\2.15.4\jackson-datatype-jsr310-2.15.4.jar;C:\Users\alena\.m2\repository\io\micrometer\micrometer-observation\1.12.5\micrometer-observation-1.12.5.jar;C:\Users\alena\.m2\repository\io\micrometer\micrometer-commons\1.12.5\micrometer-commons-1.12.5.jar;C:\Users\alena\.m2\repository\io\micrometer\micrometer-jakarta9\1.12.5\micrometer-jakarta9-1.12.5.jar;C:\Users\alena\.m2\repository\io\micrometer\micrometer-core\1.12.5\micrometer-core-1.12.5.jar;C:\Users\alena\.m2\repository\org\hdrhistogram\HdrHistogram\2.1.12\HdrHistogram-2.1.12.jar;C:\Users\alena\.m2\repository\org\latencyutils\LatencyUtils\2.0.3\LatencyUtils-2.0.3.jar;C:\Users\alena\.m2\repository\org\springframework\boot\spring-boot-starter-data-jdbc\3.2.5\spring-boot-starter-data-jdbc-3.2.5.jar;C:\Users\alena\.m2\repository\org\springframework\boot\spring-boot-starter-jdbc\3.2.5\spring-boot-starter-jdbc-3.2.5.jar;C:\Users\alena\.m2\repository\com\zaxxer\HikariCP\5.0.1\HikariCP-5.0.1.jar;C:\Users\alena\.m2\repository\org\springframework\spring-jdbc\6.1.6\spring-jdbc-6.1.6.jar;C:\Users\alena\.m2\repository\org\springframework\data\spring-data-jdbc\3.2.5\spring-data-jdbc-3.2.5.jar;C:\Users\alena\.m2\repository\org\springframework\data\spring-data-relational\3.2.5\spring-data-relational-3.2.5.jar;C:\Users\alena\.m2\repository\com\github\jsqlparser\jsqlparser\4.6\jsqlparser-4.6.jar;C:\Users\alena\.m2\repository\org\springframework\data\spring-data-commons\3.2.5\spring-data-commons-3.2.5.jar;C:\Users\alena\.m2\repository\org\springframework\spring-tx\6.1.6\spring-tx-6.1.6.jar;C:\Users\alena\.m2\repository\org\springframework\spring-context\6.1.6\spring-context-6.1.6.jar;C:\Users\alena\.m2\repository\org\springframework\spring-beans\6.1.6\spring-beans-6.1.6.jar;C:\Users\alena\.m2\repository\org\slf4j\slf4j-api\2.0.13\slf4j-api-2.0.13.jar;C:\Users\alena\.m2\repository\org\springframework\boot\spring-boot-starter-data-jpa\3.2.5\spring-boot-starter-data-jpa-3.2.5.jar;C:\Users\alena\.m2\repository\org\springframework\boot\spring-boot-starter-aop\3.2.5\spring-boot-starter-aop-3.2.5.jar;C:\Users\alena\.m2\repository\org\springframework\spring-aop\6.1.6\spring-aop-6.1.6.jar;C:\Users\alena\.m2\repository\org\aspectj\aspectjweaver\1.9.22\aspectjweaver-1.9.22.jar;C:\Users\alena\.m2\repository\org\hibernate\orm\hibernate-core\6.4.4.Final\hibernate-core-6.4.4.Final.jar;C:\Users\alena\.m2\repository\jakarta\persistence\jakarta.persistence-api\3.1.0\jakarta.persistence-api-3.1.0.jar;C:\Users\alena\.m2\repository\jakarta\transaction\jakarta.transaction-api\2.0.1\jakarta.transaction-api-2.0.1.jar;C:\Users\alena\.m2\repository\org\jboss\logging\jboss-logging\3.5.3.Final\jboss-logging-3.5.3.Final.jar;C:\Users\alena\.m2\repository\org\hibernate\common\hibernate-commons-annotations\6.0.6.Final\hibernate-commons-annotations-6.0.6.Final.jar;C:\Users\alena\.m2\repository\io\smallrye\jandex\3.1.2\jandex-3.1.2.jar;C:\Users\alena\.m2\repository\com\fasterxml\classmate\1.6.0\classmate-1.6.0.jar;C:\Users\alena\.m2\repository\net\bytebuddy\byte-buddy\1.14.13\byte-buddy-1.14.13.jar;C:\Users\alena\.m2\repository\org\glassfish\jaxb\jaxb-runtime\4.0.5\jaxb-runtime-4.0.5.jar;C:\Users\alena\.m2\repository\org\glassfish\jaxb\jaxb-core\4.0.5\jaxb-core-4.0.5.jar;C:\Users\alena\.m2\repository\org\eclipse\angus\angus-activation\2.0.2\angus-activation-2.0.2.jar;C:\Users\alena\.m2\repository\org\glassfish\jaxb\txw2\4.0.5\txw2-4.0.5.jar;C:\Users\alena\.m2\repository\com\sun\istack\istack-commons-runtime\4.1.2\istack-commons-runtime-4.1.2.jar;C:\Users\alena\.m2\repository\jakarta\inject\jakarta.inject-api\2.0.1\jakarta.inject-api-2.0.1.jar;C:\Users\alena\.m2\repository\org\antlr\antlr4-runtime\4.13.0\antlr4-runtime-4.13.0.jar;C:\Users\alena\.m2\repository\org\springframework\data\spring-data-jpa\3.2.5\spring-data-jpa-3.2.5.jar;C:\Users\alena\.m2\repository\org\springframework\spring-orm\6.1.6\spring-orm-6.1.6.jar;C:\Users\alena\.m2\repository\org\springframework\spring-aspects\6.1.6\spring-aspects-6.1.6.jar;C:\Users\alena\.m2\repository\org\springframework\boot\spring-boot-starter-thymeleaf\3.2.5\spring-boot-starter-thymeleaf-3.2.5.jar;C:\Users\alena\.m2\repository\org\thymeleaf\thymeleaf-spring6\3.1.2.RELEASE\thymeleaf-spring6-3.1.2.RELEASE.jar;C:\Users\alena\.m2\repository\org\thymeleaf\thymeleaf\3.1.2.RELEASE\thymeleaf-3.1.2.RELEASE.jar;C:\Users\alena\.m2\repository\org\attoparser\attoparser\2.0.7.RELEASE\attoparser-2.0.7.RELEASE.jar;C:\Users\alena\.m2\repository\org\unbescape\unbescape\1.1.6.RELEASE\unbescape-1.1.6.RELEASE.jar;C:\Users\alena\.m2\repository\org\springframework\boot\spring-boot-starter-web\3.2.5\spring-boot-starter-web-3.2.5.jar;C:\Users\alena\.m2\repository\org\springframework\boot\spring-boot-starter-json\3.2.5\spring-boot-starter-json-3.2.5.jar;C:\Users\alena\.m2\repository\com\fasterxml\jackson\datatype\jackson-datatype-jdk8\2.15.4\jackson-datatype-jdk8-2.15.4.jar;C:\Users\alena\.m2\repository\com\fasterxml\jackson\module\jackson-module-parameter-names\2.15.4\jackson-module-parameter-names-2.15.4.jar;C:\Users\alena\.m2\repository\org\springframework\boot\spring-boot-starter-tomcat\3.2.5\spring-boot-starter-tomcat-3.2.5.jar;C:\Users\alena\.m2\repository\org\apache\tomcat\embed\tomcat-embed-core\10.1.20\tomcat-embed-core-10.1.20.jar;C:\Users\alena\.m2\repository\org\apache\tomcat\embed\tomcat-embed-el\10.1.20\tomcat-embed-el-10.1.20.jar;C:\Users\alena\.m2\repository\org\apache\tomcat\embed\tomcat-embed-websocket\10.1.20\tomcat-embed-websocket-10.1.20.jar;C:\Users\alena\.m2\repository\org\springframework\spring-web\6.1.6\spring-web-6.1.6.jar;C:\Users\alena\.m2\repository\org\springframework\spring-webmvc\6.1.6\spring-webmvc-6.1.6.jar;C:\Users\alena\.m2\repository\org\springframework\spring-expression\6.1.6\spring-expression-6.1.6.jar;C:\Users\alena\.m2\repository\org\springframework\boot\spring-boot-devtools\3.2.5\spring-boot-devtools-3.2.5.jar;C:\Users\alena\.m2\repository\org\springframework\boot\spring-boot\3.2.5\spring-boot-3.2.5.jar;C:\Users\alena\.m2\repository\org\springframework\boot\spring-boot-autoconfigure\3.2.5\spring-boot-autoconfigure-3.2.5.jar;C:\Users\alena\.m2\repository\com\mysql\mysql-connector-j\8.3.0\mysql-connector-j-8.3.0.jar;C:\Users\alena\.m2\repository\org\projectlombok\lombok\1.18.32\lombok-1.18.32.jar;C:\Users\alena\.m2\repository\jakarta\xml\bind\jakarta.xml.bind-api\4.0.2\jakarta.xml.bind-api-4.0.2.jar;C:\Users\alena\.m2\repository\jakarta\activation\jakarta.activation-api\2.1.3\jakarta.activation-api-2.1.3.jar;C:\Users\alena\.m2\repository\org\springframework\spring-core\6.1.6\spring-core-6.1.6.jar;C:\Users\alena\.m2\repository\org\springframework\spring-jcl\6.1.6\spring-jcl-6.1.6.jar;C:\Users\alena\.m2\repository\org\jetbrains\kotlin\kotlin-stdlib-jdk8\2.0.0\kotlin-stdlib-jdk8-2.0.0.jar;C:\Users\alena\.m2\repository\org\jetbrains\kotlin\kotlin-stdlib\2.0.0\kotlin-stdlib-2.0.0.jar;C:\Users\alena\.m2\repository\org\jetbrains\annotations\13.0\annotations-13.0.jar;C:\Users\alena\.m2\repository\org\jetbrains\kotlin\kotlin-stdlib-jdk7\2.0.0\kotlin-stdlib-jdk7-2.0.0.jar
Launcher Type: SUN_STANDARD

[Global flags]
     intx CICompilerCount                          = 4                                         {product} {ergonomic}
     uint ConcGCThreads                            = 3                                         {product} {ergonomic}
     uint G1ConcRefinementThreads                  = 10                                        {product} {ergonomic}
   size_t G1HeapRegionSize                         = 2097152                                   {product} {ergonomic}
   size_t InitialHeapSize                          = 264241152                                 {product} {ergonomic}
   size_t MarkStackSize                            = 4194304                                   {product} {ergonomic}
   size_t MaxHeapSize                              = 4223664128                                {product} {ergonomic}
   size_t MaxNewSize                               = 2533359616                                {product} {ergonomic}
   size_t MinHeapDeltaBytes                        = 2097152                                   {product} {ergonomic}
   size_t MinHeapSize                              = 8388608                                   {product} {ergonomic}
    uintx NonNMethodCodeHeapSize                   = 5839372                                {pd product} {ergonomic}
    uintx NonProfiledCodeHeapSize                  = 122909434                              {pd product} {ergonomic}
    uintx ProfiledCodeHeapSize                     = 122909434                              {pd product} {ergonomic}
    uintx ReservedCodeCacheSize                    = 251658240                              {pd product} {ergonomic}
     bool SegmentedCodeCache                       = true                                      {product} {ergonomic}
   size_t SoftMaxHeapSize                          = 4223664128                             {manageable} {ergonomic}
     bool UseCompressedOops                        = true                           {product lp64_product} {ergonomic}
     bool UseG1GC                                  = true                                      {product} {ergonomic}
     bool UseLargePagesIndividualAllocation        = false                                  {pd product} {ergonomic}

Logging:
Log output configuration:
 #0: stdout all=warning uptime,level,tags foldmultilines=false
 #1: stderr all=off uptime,level,tags foldmultilines=false

Environment Variables:
PATH=C:\Program Files (x86)\Common Files\Oracle\Java\java8path;C:\Program Files (x86)\Common Files\Oracle\Java\javapath;C:\Windows\system32;C:\Windows;C:\Windows\System32\Wbem;C:\Windows\System32\WindowsPowerShell\v1.0\;C:\Windows\System32\OpenSSH\;C:\Users\alena\AppData\Local\Microsoft\WindowsApps;
USERNAME=alena
OS=Windows_NT
PROCESSOR_IDENTIFIER=Intel64 Family 6 Model 154 Stepping 4, GenuineIntel
TMP=C:\Users\alena\AppData\Local\Temp
TEMP=C:\Users\alena\AppData\Local\Temp




Periodic native trim disabled

---------------  S Y S T E M  ---------------

OS:
 Windows 11 , 64 bit Build 22621 (10.0.22621.3672)
OS uptime: 25 days 18:53 hours
Hyper-V role detected

CPU: total 12 (initial active 12) (6 cores per cpu, 2 threads per core) family 6 model 154 stepping 4 microcode 0x424, cx8, cmov, fxsr, ht, mmx, 3dnowpref, sse, sse2, sse3, ssse3, sse4.1, sse4.2, popcnt, lzcnt, tsc, tscinvbit, avx, avx2, aes, erms, clmul, bmi1, bmi2, adx, sha, fma, vzeroupper, clflush, clflushopt, clwb, hv, serialize, rdtscp, rdpid, fsrm, f16c, cet_ibt, cet_ss
Processor Information for processor 0
  Max Mhz: 1700, Current Mhz: 1700, Mhz Limit: 1700
Processor Information for processor 1
  Max Mhz: 1700, Current Mhz: 1700, Mhz Limit: 1700
Processor Information for processor 2
  Max Mhz: 1700, Current Mhz: 1700, Mhz Limit: 1700
Processor Information for processor 3
  Max Mhz: 1700, Current Mhz: 1700, Mhz Limit: 1700
Processor Information for processor 4
  Max Mhz: 1200, Current Mhz: 1200, Mhz Limit: 1200
Processor Information for processor 5
  Max Mhz: 1200, Current Mhz: 1200, Mhz Limit: 1200
Processor Information for processor 6
  Max Mhz: 1200, Current Mhz: 1200, Mhz Limit: 1200
Processor Information for processor 7
  Max Mhz: 1200, Current Mhz: 1200, Mhz Limit: 1200
Processor Information for processor 8
  Max Mhz: 1200, Current Mhz: 1200, Mhz Limit: 1200
Processor Information for processor 9
  Max Mhz: 1200, Current Mhz: 1200, Mhz Limit: 1200
Processor Information for processor 10
  Max Mhz: 1200, Current Mhz: 1200, Mhz Limit: 1200
Processor Information for processor 11
  Max Mhz: 1200, Current Mhz: 1200, Mhz Limit: 1200

Memory: 4k page, system-wide physical 16108M (5744M free)
TotalPageFile size 18796M (AvailPageFile size 5154M)
current process WorkingSet (physical memory assigned to process): 284M, peak: 337M
current process commit charge ("private bytes"): 330M, peak: 403M

vm_info: OpenJDK 64-Bit Server VM (22.0.1+8-16) for windows-amd64 JRE (22.0.1+8-16), built on 2024-03-12T10:33:16Z by "mach5one" with MS VC++ 17.6 (VS2022)

END.
